ApiDemos/build/outputs/apk/manifest-merger-AnZhuoShiChang-debug-report.txt
-- Merging decision tree log ---
manifest
ADDED from AndroidManifest.xml:22:1
	xmlns:android
		ADDED from AndroidManifest.xml:22:11
	package
		ADDED from AndroidManifest.xml:23:5
	android:versionName
		INJECTED from AndroidManifest.xml:0:0
		INJECTED from AndroidManifest.xml:0:0
	android:versionCode
		INJECTED from AndroidManifest.xml:0:0
		INJECTED from AndroidManifest.xml:0:0
uses-permission#android.permission.READ_CONTACTS
ADDED from AndroidManifest.xml:25:5
	android:name
		ADDED from AndroidManifest.xml:25:22
uses-permission#android.permission.WRITE_CONTACTS
ADDED from AndroidManifest.xml:26:5
	android:name
		ADDED from AndroidManifest.xml:26:22
uses-permission#android.permission.VIBRATE
ADDED from AndroidManifest.xml:27:5
	android:name
		ADDED from AndroidManifest.xml:27:22
uses-permission#android.permission.ACCESS_COARSE_LOCATION
ADDED from AndroidManifest.xml:28:5
	android:name
		ADDED from AndroidManifest.xml:28:22
uses-permission#android.permission.INTERNET
ADDED from AndroidManifest.xml:29:5
	android:name
		ADDED from AndroidManifest.xml:29:22
uses-permission#android.permission.SET_WALLPAPER
ADDED from AndroidManifest.xml:30:5
	android:name
		ADDED from AndroidManifest.xml:30:22
uses-permission#android.permission.WRITE_EXTERNAL_STORAGE
ADDED from AndroidManifest.xml:31:5
	android:name
		ADDED from AndroidManifest.xml:31:22
uses-permission#android.permission.SEND_SMS
ADDED from AndroidManifest.xml:32:5
	android:name
		ADDED from AndroidManifest.xml:32:22
uses-permission#android.permission.RECEIVE_SMS
ADDED from AndroidManifest.xml:33:5
	android:name
		ADDED from AndroidManifest.xml:33:22
uses-permission#android.permission.NFC
ADDED from AndroidManifest.xml:34:5
	android:name
		ADDED from AndroidManifest.xml:34:22
uses-permission#android.permission.RECORD_AUDIO
ADDED from AndroidManifest.xml:37:5
	android:name
		ADDED from AndroidManifest.xml:37:22
uses-sdk
ADDED from AndroidManifest.xml:39:5
	android:targetSdkVersion
		ADDED from AndroidManifest.xml:39:41
		INJECTED from AndroidManifest.xml:0:0
		INJECTED from AndroidManifest.xml:0:0
	android:minSdkVersion
		ADDED from AndroidManifest.xml:39:15
		INJECTED from AndroidManifest.xml:0:0
		INJECTED from AndroidManifest.xml:0:0
uses-permission#android.permission.CAMERA
ADDED from AndroidManifest.xml:43:5
	android:name
		ADDED from AndroidManifest.xml:43:22
uses-feature#android.hardware.camera
ADDED from AndroidManifest.xml:44:5
	android:name
		ADDED from AndroidManifest.xml:44:19
uses-feature#android.hardware.camera.autofocus
ADDED from AndroidManifest.xml:45:5
	android:required
		ADDED from AndroidManifest.xml:45:68
	android:name
		ADDED from AndroidManifest.xml:45:19
application
ADDED from AndroidManifest.xml:47:5
	android:label
		ADDED from AndroidManifest.xml:48:13
	android:icon
		ADDED from AndroidManifest.xml:49:13
	android:hardwareAccelerated
		ADDED from AndroidManifest.xml:50:13
	android:name
		ADDED from AndroidManifest.xml:47:18
uses-library#com.example.will.never.exist
ADDED from AndroidManifest.xml:54:9
	android:required
		ADDED from AndroidManifest.xml:54:67
	android:name
		ADDED from AndroidManifest.xml:54:23
activity#com.example.android.apis.ApiDemos
ADDED from AndroidManifest.xml:56:9
	android:name
		ADDED from AndroidManifest.xml:56:19
intent-filter#android.intent.action.MAIN+android.intent.category.DEFAULT+android.intent.category.LAUNCHER
ADDED from AndroidManifest.xml:57:13
action#android.intent.action.MAIN
ADDED from AndroidManifest.xml:58:17
	android:name
		ADDED from AndroidManifest.xml:58:25
category#android.intent.category.DEFAULT
ADDED from AndroidManifest.xml:59:17
	android:name
		ADDED from AndroidManifest.xml:59:27
category#android.intent.category.LAUNCHER
ADDED from AndroidManifest.xml:60:17
	android:name
		ADDED from AndroidManifest.xml:60:27
activity#com.example.android.apis.app.HelloWorld
ADDED from AndroidManifest.xml:70:9
	android:label
		ADDED from AndroidManifest.xml:70:50
	android:name
		ADDED from AndroidManifest.xml:70:19
intent-filter#android.intent.action.MAIN+android.intent.category.SAMPLE_CODE
ADDED from AndroidManifest.xml:71:13
category#android.intent.category.SAMPLE_CODE
ADDED from AndroidManifest.xml:73:17
	android:name
		ADDED from AndroidManifest.xml:73:27
activity#com.example.android.apis.app.DialogActivity
ADDED from AndroidManifest.xml:77:9
	android:label
		ADDED from AndroidManifest.xml:78:17
	android:theme
		ADDED from AndroidManifest.xml:79:17
	android:name
		ADDED from AndroidManifest.xml:77:19
activity#com.example.android.apis.app.CustomDialogActivity
ADDED from AndroidManifest.xml:86:9
	android:label
		ADDED from AndroidManifest.xml:87:17
	android:theme
		ADDED from AndroidManifest.xml:88:17
	android:name
		ADDED from AndroidManifest.xml:86:19
activity#com.example.android.apis.app.QuickContactsDemo
ADDED from AndroidManifest.xml:95:8
	android:label
		ADDED from AndroidManifest.xml:96:17
	android:name
		ADDED from AndroidManifest.xml:95:18
activity#com.example.android.apis.app.WallpaperActivity
ADDED from AndroidManifest.xml:103:9
	android:label
		ADDED from AndroidManifest.xml:104:17
	android:theme
		ADDED from AndroidManifest.xml:105:17
	android:name
		ADDED from AndroidManifest.xml:103:19
activity#com.example.android.apis.app.TranslucentActivity
ADDED from AndroidManifest.xml:112:9
	android:label
		ADDED from AndroidManifest.xml:113:17
	android:theme
		ADDED from AndroidManifest.xml:114:17
	android:name
		ADDED from AndroidManifest.xml:112:19
activity#com.example.android.apis.app.TranslucentBlurActivity
ADDED from AndroidManifest.xml:121:9
	android:label
		ADDED from AndroidManifest.xml:122:17
	android:theme
		ADDED from AndroidManifest.xml:123:17
	android:name
		ADDED from AndroidManifest.xml:121:19
activity#com.example.android.apis.app.Animation
ADDED from AndroidManifest.xml:130:9
	android:label
		ADDED from AndroidManifest.xml:130:49
	android:name
		ADDED from AndroidManifest.xml:130:19
activity#com.example.android.apis.app.SaveRestoreState
ADDED from AndroidManifest.xml:137:9
	android:windowSoftInputMode
		ADDED from AndroidManifest.xml:139:17
	android:label
		ADDED from AndroidManifest.xml:138:17
	android:name
		ADDED from AndroidManifest.xml:137:19
activity#com.example.android.apis.app.PersistentState
ADDED from AndroidManifest.xml:146:9
	android:windowSoftInputMode
		ADDED from AndroidManifest.xml:148:17
	android:label
		ADDED from AndroidManifest.xml:147:17
	android:name
		ADDED from AndroidManifest.xml:146:19
activity#com.example.android.apis.app.ActivityRecreate
ADDED from AndroidManifest.xml:155:9
	android:label
		ADDED from AndroidManifest.xml:156:17
	android:enabled
		ADDED from AndroidManifest.xml:157:17
	android:name
		ADDED from AndroidManifest.xml:155:19
activity#com.example.android.apis.app.FinishAffinity
ADDED from AndroidManifest.xml:164:9
	android:label
		ADDED from AndroidManifest.xml:165:17
	android:enabled
		ADDED from AndroidManifest.xml:167:17
	android:taskAffinity
		ADDED from AndroidManifest.xml:166:17
	android:name
		ADDED from AndroidManifest.xml:164:19
activity#com.example.android.apis.app.SoftInputModes
ADDED from AndroidManifest.xml:174:9
	android:label
		ADDED from AndroidManifest.xml:175:17
	android:name
		ADDED from AndroidManifest.xml:174:19
activity#com.example.android.apis.app.ReceiveResult
ADDED from AndroidManifest.xml:182:9
	android:label
		ADDED from AndroidManifest.xml:182:53
	android:name
		ADDED from AndroidManifest.xml:182:19
activity#com.example.android.apis.app.SendResult
ADDED from AndroidManifest.xml:189:9
	android:theme
		ADDED from AndroidManifest.xml:190:17
	android:name
		ADDED from AndroidManifest.xml:189:19
activity#com.example.android.apis.app.Forwarding
ADDED from AndroidManifest.xml:193:9
	android:label
		ADDED from AndroidManifest.xml:193:50
	android:name
		ADDED from AndroidManifest.xml:193:19
activity#com.example.android.apis.app.ForwardTarget
ADDED from AndroidManifest.xml:200:9
	android:name
		ADDED from AndroidManifest.xml:200:19
activity#com.example.android.apis.app.RedirectEnter
ADDED from AndroidManifest.xml:203:9
	android:label
		ADDED from AndroidManifest.xml:203:53
	android:name
		ADDED from AndroidManifest.xml:203:19
activity#com.example.android.apis.app.RedirectMain
ADDED from AndroidManifest.xml:210:9
	android:name
		ADDED from AndroidManifest.xml:210:19
activity#com.example.android.apis.app.RedirectGetter
ADDED from AndroidManifest.xml:213:9
	android:name
		ADDED from AndroidManifest.xml:213:19
activity#com.example.android.apis.app.CustomTitle
ADDED from AndroidManifest.xml:218:9
	android:windowSoftInputMode
		ADDED from AndroidManifest.xml:220:17
	android:label
		ADDED from AndroidManifest.xml:219:17
	android:theme
		ADDED from AndroidManifest.xml:221:17
	android:name
		ADDED from AndroidManifest.xml:218:19
activity#com.example.android.apis.app.ReorderOnLaunch
ADDED from AndroidManifest.xml:228:9
	android:label
		ADDED from AndroidManifest.xml:229:17
	android:name
		ADDED from AndroidManifest.xml:228:19
activity#com.example.android.apis.app.ReorderTwo
ADDED from AndroidManifest.xml:236:9
	android:name
		ADDED from AndroidManifest.xml:236:19
activity#com.example.android.apis.app.ReorderThree
ADDED from AndroidManifest.xml:237:9
	android:name
		ADDED from AndroidManifest.xml:237:19
activity#com.example.android.apis.app.ReorderFour
ADDED from AndroidManifest.xml:238:9
	android:name
		ADDED from AndroidManifest.xml:238:19
activity#com.example.android.apis.app.SetWallpaperActivity
ADDED from AndroidManifest.xml:240:9
	android:label
		ADDED from AndroidManifest.xml:241:19
	android:name
		ADDED from AndroidManifest.xml:240:19
activity#com.example.android.apis.app.ScreenOrientation
ADDED from AndroidManifest.xml:248:9
	android:label
		ADDED from AndroidManifest.xml:249:19
	android:name
		ADDED from AndroidManifest.xml:248:19
activity#com.example.android.apis.app.FragmentAlertDialog
ADDED from AndroidManifest.xml:258:9
	android:label
		ADDED from AndroidManifest.xml:259:17
	android:enabled
		ADDED from AndroidManifest.xml:260:17
	android:name
		ADDED from AndroidManifest.xml:258:19
activity#com.example.android.apis.app.FragmentArguments
ADDED from AndroidManifest.xml:267:9
	android:label
		ADDED from AndroidManifest.xml:268:17
	android:enabled
		ADDED from AndroidManifest.xml:269:17
	android:name
		ADDED from AndroidManifest.xml:267:19
activity#com.example.android.apis.app.FragmentCustomAnimations
ADDED from AndroidManifest.xml:276:9
	android:label
		ADDED from AndroidManifest.xml:277:17
	android:enabled
		ADDED from AndroidManifest.xml:278:17
	android:name
		ADDED from AndroidManifest.xml:276:19
activity#com.example.android.apis.app.FragmentHideShow
ADDED from AndroidManifest.xml:285:9
	android:windowSoftInputMode
		ADDED from AndroidManifest.xml:287:17
	android:label
		ADDED from AndroidManifest.xml:286:17
	android:enabled
		ADDED from AndroidManifest.xml:288:17
	android:name
		ADDED from AndroidManifest.xml:285:19
activity#com.example.android.apis.app.FragmentContextMenu
ADDED from AndroidManifest.xml:295:9
	android:label
		ADDED from AndroidManifest.xml:296:17
	android:enabled
		ADDED from AndroidManifest.xml:297:17
	android:name
		ADDED from AndroidManifest.xml:295:19
activity#com.example.android.apis.app.FragmentDialog
ADDED from AndroidManifest.xml:304:9
	android:label
		ADDED from AndroidManifest.xml:305:17
	android:enabled
		ADDED from AndroidManifest.xml:306:17
	android:name
		ADDED from AndroidManifest.xml:304:19
activity#com.example.android.apis.app.FragmentDialogOrActivity
ADDED from AndroidManifest.xml:313:9
	android:label
		ADDED from AndroidManifest.xml:314:17
	android:enabled
		ADDED from AndroidManifest.xml:315:17
	android:name
		ADDED from AndroidManifest.xml:313:19
activity#com.example.android.apis.app.FragmentLayout
ADDED from AndroidManifest.xml:322:9
	android:label
		ADDED from AndroidManifest.xml:323:17
	android:enabled
		ADDED from AndroidManifest.xml:324:17
	android:name
		ADDED from AndroidManifest.xml:322:19
activity#com.example.android.apis.app.FragmentLayout$DetailsActivity
ADDED from AndroidManifest.xml:331:9
	android:enabled
		ADDED from AndroidManifest.xml:332:17
	android:name
		ADDED from AndroidManifest.xml:331:19
activity#com.example.android.apis.app.FragmentListArray
ADDED from AndroidManifest.xml:334:9
	android:label
		ADDED from AndroidManifest.xml:335:17
	android:enabled
		ADDED from AndroidManifest.xml:336:17
	android:name
		ADDED from AndroidManifest.xml:334:19
activity#com.example.android.apis.app.FragmentMenu
ADDED from AndroidManifest.xml:343:9
	android:label
		ADDED from AndroidManifest.xml:344:17
	android:enabled
		ADDED from AndroidManifest.xml:345:17
	android:name
		ADDED from AndroidManifest.xml:343:19
activity#com.example.android.apis.app.FragmentRetainInstance
ADDED from AndroidManifest.xml:352:9
	android:label
		ADDED from AndroidManifest.xml:353:17
	android:enabled
		ADDED from AndroidManifest.xml:354:17
	android:name
		ADDED from AndroidManifest.xml:352:19
activity#com.example.android.apis.app.FragmentReceiveResult
ADDED from AndroidManifest.xml:361:9
	android:label
		ADDED from AndroidManifest.xml:362:17
	android:enabled
		ADDED from AndroidManifest.xml:363:17
	android:name
		ADDED from AndroidManifest.xml:361:19
activity#com.example.android.apis.app.FragmentStack
ADDED from AndroidManifest.xml:370:9
	android:label
		ADDED from AndroidManifest.xml:371:17
	android:enabled
		ADDED from AndroidManifest.xml:372:17
	android:name
		ADDED from AndroidManifest.xml:370:19
activity#com.example.android.apis.app.FragmentTabs
ADDED from AndroidManifest.xml:379:9
	android:label
		ADDED from AndroidManifest.xml:380:17
	android:enabled
		ADDED from AndroidManifest.xml:381:17
	android:name
		ADDED from AndroidManifest.xml:379:19
activity#com.example.android.apis.app.LoaderCursor
ADDED from AndroidManifest.xml:390:9
	android:label
		ADDED from AndroidManifest.xml:391:17
	android:enabled
		ADDED from AndroidManifest.xml:392:17
	android:name
		ADDED from AndroidManifest.xml:390:19
activity#com.example.android.apis.app.LoaderCustom
ADDED from AndroidManifest.xml:399:9
	android:label
		ADDED from AndroidManifest.xml:400:17
	android:enabled
		ADDED from AndroidManifest.xml:401:17
	android:name
		ADDED from AndroidManifest.xml:399:19
activity#com.example.android.apis.app.LoaderThrottle
ADDED from AndroidManifest.xml:409:9
	android:label
		ADDED from AndroidManifest.xml:410:17
	android:enabled
		ADDED from AndroidManifest.xml:411:17
	android:name
		ADDED from AndroidManifest.xml:409:19
provider#com.example.android.apis.app.LoaderThrottle$SimpleProvider
ADDED from AndroidManifest.xml:417:9
	android:authorities
		ADDED from AndroidManifest.xml:418:19
	android:enabled
		ADDED from AndroidManifest.xml:419:19
	android:name
		ADDED from AndroidManifest.xml:417:19
activity#com.example.android.apis.app.LoaderRetained
ADDED from AndroidManifest.xml:422:9
	android:label
		ADDED from AndroidManifest.xml:423:17
	android:enabled
		ADDED from AndroidManifest.xml:424:17
	android:name
		ADDED from AndroidManifest.xml:422:19
activity#com.example.android.apis.app.Intents
ADDED from AndroidManifest.xml:433:9
	android:label
		ADDED from AndroidManifest.xml:433:47
	android:name
		ADDED from AndroidManifest.xml:433:19
activity#com.example.android.apis.app.IntentActivityFlags
ADDED from AndroidManifest.xml:440:9
	android:label
		ADDED from AndroidManifest.xml:441:17
	android:name
		ADDED from AndroidManifest.xml:440:19
service#com.example.android.apis.app.LocalService
ADDED from AndroidManifest.xml:450:9
	android:stopWithTask
		ADDED from AndroidManifest.xml:450:51
	android:name
		ADDED from AndroidManifest.xml:450:18
activity#com.example.android.apis.app.LocalServiceActivities$Controller
ADDED from AndroidManifest.xml:452:9
	android:label
		ADDED from AndroidManifest.xml:453:17
	android:name
		ADDED from AndroidManifest.xml:452:19
	android:launchMode
		ADDED from AndroidManifest.xml:454:17
activity#com.example.android.apis.app.LocalServiceActivities$Binding
ADDED from AndroidManifest.xml:461:9
	android:label
		ADDED from AndroidManifest.xml:462:17
	android:name
		ADDED from AndroidManifest.xml:461:19
service#com.example.android.apis.app.MessengerService
ADDED from AndroidManifest.xml:470:9
	android:process
		ADDED from AndroidManifest.xml:471:17
	android:name
		ADDED from AndroidManifest.xml:470:18
activity#com.example.android.apis.app.MessengerServiceActivities$Binding
ADDED from AndroidManifest.xml:474:9
	android:label
		ADDED from AndroidManifest.xml:475:17
	android:name
		ADDED from AndroidManifest.xml:474:19
service#com.example.android.apis.app.RemoteService
ADDED from AndroidManifest.xml:482:9
	android:process
		ADDED from AndroidManifest.xml:482:52
	android:name
		ADDED from AndroidManifest.xml:482:18
intent-filter#com.example.android.apis.app.IRemoteService+com.example.android.apis.app.ISecondary+com.example.android.apis.app.REMOTE_SERVICE
ADDED from AndroidManifest.xml:483:13
action#com.example.android.apis.app.IRemoteService
ADDED from AndroidManifest.xml:486:17
	android:name
		ADDED from AndroidManifest.xml:486:25
action#com.example.android.apis.app.ISecondary
ADDED from AndroidManifest.xml:487:17
	android:name
		ADDED from AndroidManifest.xml:487:25
action#com.example.android.apis.app.REMOTE_SERVICE
ADDED from AndroidManifest.xml:490:17
	android:name
		ADDED from AndroidManifest.xml:490:25
activity#com.example.android.apis.app.RemoteService$Controller
ADDED from AndroidManifest.xml:494:9
	android:label
		ADDED from AndroidManifest.xml:495:17
	android:name
		ADDED from AndroidManifest.xml:494:19
	android:launchMode
		ADDED from AndroidManifest.xml:496:17
activity#com.example.android.apis.app.RemoteService$Binding
ADDED from AndroidManifest.xml:503:9
	android:label
		ADDED from AndroidManifest.xml:504:17
	android:name
		ADDED from AndroidManifest.xml:503:19
activity#com.example.android.apis.app.RemoteService$BindingOptions
ADDED from AndroidManifest.xml:511:9
	android:label
		ADDED from AndroidManifest.xml:512:17
	android:name
		ADDED from AndroidManifest.xml:511:19
service#com.example.android.apis.app.ServiceStartArguments
ADDED from AndroidManifest.xml:519:9
	android:name
		ADDED from AndroidManifest.xml:519:18
activity#com.example.android.apis.app.ServiceStartArguments$Controller
ADDED from AndroidManifest.xml:521:9
	android:label
		ADDED from AndroidManifest.xml:522:17
	android:name
		ADDED from AndroidManifest.xml:521:19
	android:launchMode
		ADDED from AndroidManifest.xml:523:17
service#com.example.android.apis.app.ForegroundService
ADDED from AndroidManifest.xml:530:9
	android:name
		ADDED from AndroidManifest.xml:530:18
activity#com.example.android.apis.app.ForegroundService$Controller
ADDED from AndroidManifest.xml:532:9
	android:label
		ADDED from AndroidManifest.xml:533:17
	android:name
		ADDED from AndroidManifest.xml:532:19
	android:launchMode
		ADDED from AndroidManifest.xml:534:17
activity#com.example.android.apis.app.IsolatedService$Controller
ADDED from AndroidManifest.xml:541:9
	android:label
		ADDED from AndroidManifest.xml:542:17
	android:enabled
		ADDED from AndroidManifest.xml:544:17
	android:name
		ADDED from AndroidManifest.xml:541:19
	android:launchMode
		ADDED from AndroidManifest.xml:543:17
service#com.example.android.apis.app.IsolatedService
ADDED from AndroidManifest.xml:551:9
	android:isolatedProcess
		ADDED from AndroidManifest.xml:551:54
	android:enabled
		ADDED from AndroidManifest.xml:552:17
	android:name
		ADDED from AndroidManifest.xml:551:18
service#com.example.android.apis.app.IsolatedService2
ADDED from AndroidManifest.xml:553:9
	android:isolatedProcess
		ADDED from AndroidManifest.xml:553:55
	android:enabled
		ADDED from AndroidManifest.xml:554:17
	android:name
		ADDED from AndroidManifest.xml:553:18
receiver#com.example.android.apis.app.OneShotAlarm
ADDED from AndroidManifest.xml:558:9
	android:process
		ADDED from AndroidManifest.xml:558:52
	android:name
		ADDED from AndroidManifest.xml:558:19
receiver#com.example.android.apis.app.RepeatingAlarm
ADDED from AndroidManifest.xml:560:9
	android:process
		ADDED from AndroidManifest.xml:560:54
	android:name
		ADDED from AndroidManifest.xml:560:19
activity#com.example.android.apis.app.AlarmController
ADDED from AndroidManifest.xml:562:9
	android:label
		ADDED from AndroidManifest.xml:562:55
	android:name
		ADDED from AndroidManifest.xml:562:19
service#com.example.android.apis.app.AlarmService_Service
ADDED from AndroidManifest.xml:569:9
	android:process
		ADDED from AndroidManifest.xml:569:59
	android:name
		ADDED from AndroidManifest.xml:569:18
activity#com.example.android.apis.app.AlarmService
ADDED from AndroidManifest.xml:571:9
	android:label
		ADDED from AndroidManifest.xml:571:52
	android:name
		ADDED from AndroidManifest.xml:571:19
activity#com.example.android.apis.accessibility.ClockBackActivity
ADDED from AndroidManifest.xml:582:9
	android:label
		ADDED from AndroidManifest.xml:583:13
	android:name
		ADDED from AndroidManifest.xml:582:19
service#com.example.android.apis.accessibility.ClockBackService
ADDED from AndroidManifest.xml:590:9
	android:label
		ADDED from AndroidManifest.xml:591:13
	android:permission
		ADDED from AndroidManifest.xml:592:13
	android:name
		ADDED from AndroidManifest.xml:590:18
intent-filter#android.accessibilityservice.AccessibilityService
ADDED from AndroidManifest.xml:593:13
action#android.accessibilityservice.AccessibilityService
ADDED from AndroidManifest.xml:594:17
	android:name
		ADDED from AndroidManifest.xml:594:25
activity#com.example.android.apis.accessibility.TaskListActivity
ADDED from AndroidManifest.xml:598:9
	android:label
		ADDED from AndroidManifest.xml:599:19
	android:enabled
		ADDED from AndroidManifest.xml:600:19
	android:name
		ADDED from AndroidManifest.xml:598:19
service#com.example.android.apis.accessibility.TaskBackService
ADDED from AndroidManifest.xml:607:9
	android:label
		ADDED from AndroidManifest.xml:608:18
	android:enabled
		ADDED from AndroidManifest.xml:609:18
	android:permission
		ADDED from AndroidManifest.xml:610:18
	android:name
		ADDED from AndroidManifest.xml:607:18
meta-data#android.accessibilityservice
ADDED from AndroidManifest.xml:614:13
	android:resource
		ADDED from AndroidManifest.xml:616:17
	android:name
		ADDED from AndroidManifest.xml:615:17
activity#com.example.android.apis.accessibility.CustomViewAccessibilityActivity
ADDED from AndroidManifest.xml:619:9
	android:label
		ADDED from AndroidManifest.xml:620:19
	android:enabled
		ADDED from AndroidManifest.xml:621:19
	android:name
		ADDED from AndroidManifest.xml:619:19
activity#com.example.android.apis.app.LocalSample
ADDED from AndroidManifest.xml:630:9
	android:label
		ADDED from AndroidManifest.xml:630:51
	android:name
		ADDED from AndroidManifest.xml:630:19
intent-filter#android.intent.action.MAIN
ADDED from AndroidManifest.xml:631:13
activity#com.example.android.apis.app.ContactsFilter
ADDED from AndroidManifest.xml:637:9
	android:label
		ADDED from AndroidManifest.xml:637:54
	android:name
		ADDED from AndroidManifest.xml:637:19
activity#com.example.android.apis.app.NotifyWithText
ADDED from AndroidManifest.xml:647:9
	android:label
		ADDED from AndroidManifest.xml:647:54
	android:name
		ADDED from AndroidManifest.xml:647:19
activity#com.example.android.apis.app.IncomingMessage
ADDED from AndroidManifest.xml:654:9
	android:label
		ADDED from AndroidManifest.xml:655:17
	android:name
		ADDED from AndroidManifest.xml:654:19
activity#com.example.android.apis.app.IncomingMessageView
ADDED from AndroidManifest.xml:662:9
	android:label
		ADDED from AndroidManifest.xml:663:17
	android:name
		ADDED from AndroidManifest.xml:662:19
activity#com.example.android.apis.app.IncomingMessageInterstitial
ADDED from AndroidManifest.xml:667:9
	android:label
		ADDED from AndroidManifest.xml:668:17
	android:theme
		ADDED from AndroidManifest.xml:669:17
	android:excludeFromRecents
		ADDED from AndroidManifest.xml:672:17
	android:taskAffinity
		ADDED from AndroidManifest.xml:671:17
	android:name
		ADDED from AndroidManifest.xml:667:19
	android:launchMode
		ADDED from AndroidManifest.xml:670:17
activity#com.example.android.apis.app.NotificationDisplay
ADDED from AndroidManifest.xml:680:9
	android:noHistory
		ADDED from AndroidManifest.xml:684:17
	android:theme
		ADDED from AndroidManifest.xml:681:17
	android:excludeFromRecents
		ADDED from AndroidManifest.xml:683:17
	android:taskAffinity
		ADDED from AndroidManifest.xml:682:17
	android:name
		ADDED from AndroidManifest.xml:680:19
activity#com.example.android.apis.app.StatusBarNotifications
ADDED from AndroidManifest.xml:687:9
	android:label
		ADDED from AndroidManifest.xml:688:17
	android:name
		ADDED from AndroidManifest.xml:687:19
	android:launchMode
		ADDED from AndroidManifest.xml:689:17
service#com.example.android.apis.app.NotifyingService
ADDED from AndroidManifest.xml:696:9
	android:name
		ADDED from AndroidManifest.xml:696:18
activity#com.example.android.apis.app.NotifyingController
ADDED from AndroidManifest.xml:698:9
	android:label
		ADDED from AndroidManifest.xml:698:59
	android:name
		ADDED from AndroidManifest.xml:698:19
activity#com.example.android.apis.app.AlertDialogSamples
ADDED from AndroidManifest.xml:706:9
	android:label
		ADDED from AndroidManifest.xml:706:58
	android:name
		ADDED from AndroidManifest.xml:706:19
activity#com.example.android.apis.app.SearchInvoke
ADDED from AndroidManifest.xml:720:9
	android:label
		ADDED from AndroidManifest.xml:721:19
	android:name
		ADDED from AndroidManifest.xml:720:19
meta-data#android.app.default_searchable
ADDED from AndroidManifest.xml:729:13
	android:name
		ADDED from AndroidManifest.xml:729:24
	android:value
		ADDED from AndroidManifest.xml:730:24
activity#com.example.android.apis.app.SearchQueryResults
ADDED from AndroidManifest.xml:744:9
	android:label
		ADDED from AndroidManifest.xml:745:19
	android:name
		ADDED from AndroidManifest.xml:744:19
intent-filter#android.intent.action.SEARCH+android.intent.category.DEFAULT
ADDED from AndroidManifest.xml:753:13
action#android.intent.action.SEARCH
ADDED from AndroidManifest.xml:754:17
	android:name
		ADDED from AndroidManifest.xml:754:25
meta-data#android.app.searchable
ADDED from AndroidManifest.xml:761:13
	android:resource
		ADDED from AndroidManifest.xml:762:24
	android:name
		ADDED from AndroidManifest.xml:761:24
provider#com.example.android.apis.app.SearchSuggestionSampleProvider
ADDED from AndroidManifest.xml:768:9
	android:authorities
		ADDED from AndroidManifest.xml:769:19
	android:name
		ADDED from AndroidManifest.xml:768:19
activity#com.example.android.apis.app.LauncherShortcuts
ADDED from AndroidManifest.xml:794:9
	android:label
		ADDED from AndroidManifest.xml:795:19
	android:name
		ADDED from AndroidManifest.xml:794:19
activity-alias#com.example.android.apis.app.CreateShortcuts
ADDED from AndroidManifest.xml:807:9
	android:label
		ADDED from AndroidManifest.xml:809:13
	android:targetActivity
		ADDED from AndroidManifest.xml:808:13
	android:name
		ADDED from AndroidManifest.xml:807:25
intent-filter#android.intent.action.CREATE_SHORTCUT+android.intent.category.DEFAULT
ADDED from AndroidManifest.xml:812:13
action#android.intent.action.CREATE_SHORTCUT
ADDED from AndroidManifest.xml:813:17
	android:name
		ADDED from AndroidManifest.xml:813:25
activity#com.example.android.apis.app.MenuInflateFromXml
ADDED from AndroidManifest.xml:821:9
	android:label
		ADDED from AndroidManifest.xml:821:58
	android:name
		ADDED from AndroidManifest.xml:821:19
activity#com.example.android.apis.app.DeviceAdminSample
ADDED from AndroidManifest.xml:830:9
	android:label
		ADDED from AndroidManifest.xml:831:17
	android:name
		ADDED from AndroidManifest.xml:830:19
receiver#com.example.android.apis.app.DeviceAdminSample$DeviceAdminSampleReceiver
ADDED from AndroidManifest.xml:839:9
	android:label
		ADDED from AndroidManifest.xml:840:17
	android:description
		ADDED from AndroidManifest.xml:841:17
	android:permission
		ADDED from AndroidManifest.xml:842:17
	android:name
		ADDED from AndroidManifest.xml:839:19
meta-data#android.app.device_admin
ADDED from AndroidManifest.xml:843:13
	android:resource
		ADDED from AndroidManifest.xml:844:24
	android:name
		ADDED from AndroidManifest.xml:843:24
intent-filter#android.app.action.DEVICE_ADMIN_ENABLED
ADDED from AndroidManifest.xml:845:13
action#android.app.action.DEVICE_ADMIN_ENABLED
ADDED from AndroidManifest.xml:846:17
	android:name
		ADDED from AndroidManifest.xml:846:25
activity#com.example.android.apis.app.VoiceRecognition
ADDED from AndroidManifest.xml:853:9
	android:label
		ADDED from AndroidManifest.xml:853:56
	android:name
		ADDED from AndroidManifest.xml:853:19
activity#com.example.android.apis.app.TextToSpeechActivity
ADDED from AndroidManifest.xml:862:9
	android:label
		ADDED from AndroidManifest.xml:862:60
	android:name
		ADDED from AndroidManifest.xml:862:19
activity#com.example.android.apis.app.ActionBarMechanics
ADDED from AndroidManifest.xml:870:9
	android:label
		ADDED from AndroidManifest.xml:871:17
	android:enabled
		ADDED from AndroidManifest.xml:872:17
	android:name
		ADDED from AndroidManifest.xml:870:19
activity#com.example.android.apis.app.ActionBarUsage
ADDED from AndroidManifest.xml:879:9
	android:label
		ADDED from AndroidManifest.xml:880:17
	android:enabled
		ADDED from AndroidManifest.xml:881:17
	android:name
		ADDED from AndroidManifest.xml:879:19
activity#com.example.android.apis.app.ActionBarDisplayOptions
ADDED from AndroidManifest.xml:888:9
	android:label
		ADDED from AndroidManifest.xml:889:17
	android:enabled
		ADDED from AndroidManifest.xml:891:17
	android:name
		ADDED from AndroidManifest.xml:888:19
	android:logo
		ADDED from AndroidManifest.xml:890:17
activity#com.example.android.apis.app.ActionBarTabs
ADDED from AndroidManifest.xml:898:9
	android:label
		ADDED from AndroidManifest.xml:899:17
	android:enabled
		ADDED from AndroidManifest.xml:900:17
	android:name
		ADDED from AndroidManifest.xml:898:19
activity#com.example.android.apis.app.ActionBarSettingsActionProviderActivity